<?xml version="1.0" encoding="UTF-8"?>
<!-- Generated by org.testng.reporters.JUnitReportReporter -->
<testsuite hostname="DheenatalansAir.fios-router.home" failures="0" tests="1" name="runner.testrunner1" time="0.364" errors="0" timestamp="2024-09-23T19:17:32 EDT" skipped="0">
  <testcase classname="runner.testrunner1" name="runScenario" time="0.364"/>
</testsuite> <!-- runner.testrunner1 -->
