<?xml version="1.0" encoding="UTF-8"?>
<!-- Generated by org.testng.reporters.JUnitReportReporter -->
<testsuite hostname="DheenatalansAir.fios-router.home" failures="0" tests="6" name="runner.testrunner1" time="12.289" errors="0" timestamp="2024-09-26T10:35:28 EDT" skipped="0">
  <testcase classname="runner.testrunner1" name="runScenario" time="0.609"/>
  <testcase classname="runner.testrunner1" name="runScenario" time="0.701"/>
  <testcase classname="runner.testrunner1" name="runScenario" time="5.555"/>
  <testcase classname="runner.testrunner1" name="runScenario" time="0.694"/>
  <testcase classname="runner.testrunner1" name="runScenario" time="1.999"/>
  <testcase classname="runner.testrunner1" name="runScenario" time="2.731"/>
</testsuite> <!-- runner.testrunner1 -->
